<?xml version="1.0" encoding="UTF-8"?>
<testng-results skipped="0" failed="0" ignored="0" total="2" passed="2">
  <reporter-output>
  </reporter-output>
  <suite name="Default suite" duration-ms="10262" started-at="2017-07-26T01:37:56Z" finished-at="2017-07-26T01:38:06Z">
    <groups>
    </groups>
    <test name="Default test" duration-ms="10262" started-at="2017-07-26T01:37:56Z" finished-at="2017-07-26T01:38:06Z">
      <class name="com.masteringselenium.BasicTest">
        <test-method status="PASS" signature="googleCheeseSearch()[pri:0, instance:com.masteringselenium.BasicTest@d8355a8]" name="googleCheeseSearch" duration-ms="5614" started-at="2017-07-25T21:37:56Z" finished-at="2017-07-25T21:38:02Z">
          <reporter-output>
          </reporter-output>
        </test-method> <!-- googleCheeseSearch -->
        <test-method status="PASS" signature="googleMilkSearch()[pri:0, instance:com.masteringselenium.BasicTest@d8355a8]" name="googleMilkSearch" duration-ms="4626" started-at="2017-07-25T21:38:02Z" finished-at="2017-07-25T21:38:06Z">
          <reporter-output>
          </reporter-output>
        </test-method> <!-- googleMilkSearch -->
      </class> <!-- com.masteringselenium.BasicTest -->
    </test> <!-- Default test -->
  </suite> <!-- Default suite -->
</testng-results>
