<?xml version="1.0" encoding="UTF-8"?>
<testng-results skipped="0" failed="0" ignored="0" total="2" passed="2">
  <reporter-output>
  </reporter-output>
  <suite name="Surefire suite" duration-ms="5014" started-at="2017-07-27T00:11:04Z" finished-at="2017-07-27T00:11:09Z">
    <groups>
    </groups>
    <test name="Surefire test" duration-ms="5014" started-at="2017-07-27T00:11:04Z" finished-at="2017-07-27T00:11:09Z">
      <class name="com.masteringselenium.BasicTestWD">
        <test-method status="PASS" signature="instantiateDriverObject()[pri:0, instance:com.masteringselenium.BasicTestWD@1324409e]" name="instantiateDriverObject" is-config="true" duration-ms="11" started-at="2017-07-26T20:11:04Z" finished-at="2017-07-26T20:11:04Z">
          <reporter-output>
          </reporter-output>
        </test-method> <!-- instantiateDriverObject -->
        <test-method status="PASS" signature="googleCheeseSearch()[pri:0, instance:com.masteringselenium.BasicTestWD@1324409e]" name="googleCheeseSearch" duration-ms="4995" started-at="2017-07-26T20:11:04Z" finished-at="2017-07-26T20:11:09Z">
          <reporter-output>
          </reporter-output>
        </test-method> <!-- googleCheeseSearch -->
        <test-method status="PASS" signature="googleMilkSearch()[pri:0, instance:com.masteringselenium.BasicTestWD@1324409e]" name="googleMilkSearch" duration-ms="4927" started-at="2017-07-26T20:11:04Z" finished-at="2017-07-26T20:11:08Z">
          <reporter-output>
          </reporter-output>
        </test-method> <!-- googleMilkSearch -->
        <test-method status="PASS" signature="clearCookies()[pri:0, instance:com.masteringselenium.BasicTestWD@1324409e]" name="clearCookies" is-config="true" duration-ms="9" started-at="2017-07-26T20:11:08Z" finished-at="2017-07-26T20:11:08Z">
          <reporter-output>
          </reporter-output>
        </test-method> <!-- clearCookies -->
        <test-method status="PASS" signature="clearCookies()[pri:0, instance:com.masteringselenium.BasicTestWD@1324409e]" name="clearCookies" is-config="true" duration-ms="5" started-at="2017-07-26T20:11:09Z" finished-at="2017-07-26T20:11:09Z">
          <reporter-output>
          </reporter-output>
        </test-method> <!-- clearCookies -->
        <test-method status="PASS" signature="closeDriverObjects()[pri:0, instance:com.masteringselenium.BasicTestWD@1324409e]" name="closeDriverObjects" is-config="true" duration-ms="226" started-at="2017-07-26T20:11:14Z" finished-at="2017-07-26T20:11:14Z">
          <reporter-output>
          </reporter-output>
        </test-method> <!-- closeDriverObjects -->
      </class> <!-- com.masteringselenium.BasicTestWD -->
    </test> <!-- Surefire test -->
  </suite> <!-- Surefire suite -->
</testng-results>
